TN:
SF:src/errors/AppError.ts
FN:6,AppError
FNF:1
FNH:1
FNDA:2,AppError
DA:1,1
DA:2,1
DA:3,1
DA:4,1
DA:5,1
DA:6,1
DA:7,2
DA:8,2
DA:9,2
DA:10,1
DA:11,1
DA:12,1
LF:12
LH:12
BRDA:6,0,0,2
BRF:1
BRH:1
end_of_record
TN:
SF:src/modules/park/infra/entities/Park.ts
FN:24,Park
FNF:1
FNH:1
FNDA:2,Park
DA:1,1
DA:2,1
DA:3,1
DA:4,1
DA:5,1
DA:6,1
DA:7,1
DA:8,1
DA:9,1
DA:10,1
DA:11,1
DA:12,1
DA:13,1
DA:14,1
DA:15,1
DA:16,1
DA:17,1
DA:18,1
DA:19,1
DA:20,1
DA:21,1
DA:22,1
DA:23,1
DA:24,1
DA:25,2
DA:26,2
DA:27,2
DA:28,2
DA:29,1
DA:30,1
DA:31,1
LF:31
LH:31
BRDA:24,0,0,2
BRF:1
BRH:1
end_of_record
TN:
SF:src/modules/park/local/in-memory/ParkRepositoryInMemory.ts
FN:5,ParkRepositoryInMemory
FN:8,create
FN:21,findByLicensePlate
FN:27,listAll
FN:33,delete
FNF:5
FNH:3
FNDA:2,ParkRepositoryInMemory
FNDA:2,create
FNDA:3,findByLicensePlate
FNDA:0,listAll
FNDA:0,delete
DA:1,1
DA:2,1
DA:3,1
DA:4,1
DA:5,2
DA:6,2
DA:7,2
DA:8,2
DA:9,2
DA:10,2
DA:11,2
DA:12,2
DA:13,2
DA:14,2
DA:15,2
DA:16,2
DA:17,2
DA:18,2
DA:19,2
DA:20,2
DA:21,2
DA:22,3
DA:23,3
DA:24,3
DA:25,3
DA:26,2
DA:27,2
DA:28,0
DA:29,0
DA:30,0
DA:31,0
DA:32,2
DA:33,2
DA:34,0
DA:35,0
DA:36,0
DA:37,2
DA:38,1
DA:39,1
LF:39
LH:32
BRDA:5,0,0,2
BRDA:8,1,0,2
BRDA:21,2,0,3
BRDA:22,3,0,1
BRF:4
BRH:4
end_of_record
TN:
SF:src/modules/park/useCases/createPark/CreateParkUseCase.ts
FN:9,CreateParkUseCase
FN:14,execute
FNF:2
FNH:2
FNDA:2,CreateParkUseCase
FNDA:3,execute
DA:1,1
DA:2,1
DA:3,1
DA:4,1
DA:5,1
DA:6,1
DA:7,1
DA:8,1
DA:9,1
DA:10,2
DA:11,2
DA:12,2
DA:13,1
DA:14,1
DA:15,3
DA:16,3
DA:17,3
DA:18,3
DA:19,3
DA:20,3
DA:21,3
DA:22,3
DA:23,3
DA:24,3
DA:25,1
DA:26,1
DA:27,2
DA:28,2
DA:29,2
DA:30,2
DA:31,2
DA:32,2
DA:33,2
DA:34,2
DA:35,2
DA:36,2
DA:37,1
DA:38,1
DA:39,1
LF:39
LH:39
BRDA:9,0,0,2
BRDA:14,1,0,3
BRDA:24,2,0,1
BRDA:27,3,0,2
BRF:4
BRH:4
end_of_record
